(pick ball11 rooma left)
(pick ball2 rooma right)
(move rooma roomb)
(drop ball11 roomb left)
(drop ball2 roomb right)
(move roomb rooma)
(pick ball12 rooma left)
(pick ball8 rooma right)
(move rooma roomb)
(drop ball12 roomb left)
(drop ball8 roomb right)
(move roomb rooma)
(pick ball15 rooma left)
(pick ball4 rooma right)
(move rooma roomb)
(drop ball15 roomb left)
(drop ball4 roomb right)
(move roomb rooma)
(pick ball5 rooma left)
(pick ball6 rooma right)
(move rooma roomb)
(drop ball5 roomb left)
(drop ball6 roomb right)
(move roomb rooma)
(pick ball14 rooma left)
(pick ball7 rooma right)
(move rooma roomb)
(drop ball14 roomb left)
(drop ball7 roomb right)
(move roomb rooma)
(pick ball3 rooma left)
(pick ball9 rooma right)
(move rooma roomb)
(drop ball3 roomb left)
(drop ball9 roomb right)
(move roomb rooma)
(pick ball1 rooma left)
(pick ball10 rooma right)
(move rooma roomb)
(drop ball1 roomb left)
(drop ball10 roomb right)
(move roomb rooma)
(pick ball13 rooma left)
(move rooma roomb)
(drop ball13 roomb left)
; cost = 45 (unit cost)
