(unstack b7 b9)
(stack b7 b1)
(unstack b9 b3)
(put-down b9)
(unstack b3 b4)
(put-down b3)
(unstack b4 b6)
(stack b4 b3)
(unstack b6 b2)
(put-down b6)
(pick-up b2)
(stack b2 b9)
(unstack b7 b1)
(stack b7 b2)
(unstack b4 b3)
(stack b4 b7)
(pick-up b6)
(stack b6 b4)
(unstack b1 b10)
(put-down b1)
(unstack b10 b8)
(stack b10 b1)
(unstack b8 b5)
(put-down b8)
(pick-up b5)
(stack b5 b6)
(unstack b10 b1)
(stack b10 b5)
(pick-up b3)
(stack b3 b10)
(pick-up b8)
(stack b8 b3)
(pick-up b1)
(stack b1 b8)
; cost = 34 (unit cost)
