(refuel plane4 city0 fl0 fl1)
(board person3 plane4 city0)
(fly plane4 city0 city2 fl1 fl0)
(refuel plane2 city1 fl0 fl1)
(refuel plane2 city1 fl1 fl2)
(board person1 plane2 city1)
(fly plane2 city1 city2 fl2 fl1)
(debark person3 plane4 city2)
(debark person1 plane2 city2)
(board person2 plane2 city2)
(board person6 plane2 city2)
(refuel plane2 city2 fl1 fl2)
(fly plane2 city2 city1 fl2 fl1)
(debark person6 plane2 city1)
(fly plane2 city1 city0 fl1 fl0)
(debark person2 plane2 city0)
(refuel plane5 city0 fl0 fl1)
(board person4 plane5 city0)
(fly plane5 city0 city1 fl1 fl0)
(debark person4 plane5 city1)
; cost = 20 (unit cost)
