(refuel plane5 city1 fl0 fl1)
(fly plane5 city1 city2 fl1 fl0)
(refuel plane1 city2 fl0 fl1)
(fly plane1 city2 city1 fl1 fl0)
(refuel plane4 city0 fl0 fl1)
(board person7 plane4 city0)
(board person4 plane4 city0)
(board person5 plane4 city0)
(fly plane4 city0 city2 fl1 fl0)
(refuel plane4 city2 fl0 fl1)
(board person1 plane4 city2)
(debark person4 plane4 city2)
(debark person5 plane4 city2)
(fly plane4 city2 city3 fl1 fl0)
(refuel plane4 city3 fl0 fl1)
(board person3 plane4 city3)
(debark person7 plane4 city3)
(fly plane4 city3 city0 fl1 fl0)
(debark person1 plane4 city0)
(debark person3 plane4 city0)
; cost = 20 (unit cost)
