(refuel plane4 city3 fl0 fl1)
(refuel plane2 city0 fl0 fl1)
(board person4 plane2 city0)
(refuel plane2 city0 fl1 fl2)
(fly plane2 city0 city1 fl2 fl1)
(board person2 plane2 city1)
(fly plane2 city1 city3 fl1 fl0)
(debark person2 plane2 city3)
(debark person4 plane2 city3)
(board person3 plane4 city3)
(fly plane4 city3 city2 fl1 fl0)
(refuel plane4 city2 fl0 fl1)
(debark person3 plane4 city2)
(board person5 plane4 city2)
(fly plane4 city2 city1 fl1 fl0)
(refuel plane3 city1 fl0 fl1)
(debark person5 plane4 city1)
(board person1 plane3 city1)
(fly plane3 city1 city2 fl1 fl0)
(debark person1 plane3 city2)
; cost = 20 (unit cost)
