(refuel plane1 city1 fl0 fl1)
(board person4 plane1 city1)
(board person6 plane1 city1)
(refuel plane1 city1 fl1 fl2)
(fly plane1 city1 city3 fl2 fl1)
(board person2 plane1 city3)
(board person3 plane1 city3)
(debark person4 plane1 city3)
(debark person6 plane1 city3)
(refuel plane1 city3 fl1 fl2)
(fly plane1 city3 city2 fl2 fl1)
(board person1 plane1 city2)
(board person7 plane1 city2)
(fly plane1 city2 city0 fl1 fl0)
(refuel plane1 city0 fl0 fl1)
(board person5 plane1 city0)
(debark person7 plane1 city0)
(fly plane1 city0 city1 fl1 fl0)
(debark person1 plane1 city1)
(debark person2 plane1 city1)
(debark person3 plane1 city1)
(refuel plane1 city1 fl0 fl1)
(fly plane1 city1 city2 fl1 fl0)
(debark person5 plane1 city2)
; cost = 24 (unit cost)
